<?xml version="1.0" encoding="UTF-8"?>
<!-- Generated by org.testng.reporters.JUnitXMLReporter -->
<testsuite ignored="0" hostname="DESKTOP-7TA04P9" failures="0" tests="5" name="Default test" time="30.97" errors="0" timestamp="2026-04-23T16:08:50 IST">
  <testcase classname="Tests.CartTest" name="emptyCart" time="4.455"/>
  <testcase classname="Tests.CartTest" name="addToCartFromPDP" time="14.146"/>
  <testcase classname="Tests.CartTest" name="priceUpdateVerification" time="2.068"/>
  <testcase classname="Tests.CartTest" name="freeBieProduct" time="0.083"/>
  <testcase classname="Tests.CartTest" name="checkout" time="4.256"/>
</testsuite> <!-- Default test -->
