<?xml version="1.0" encoding="UTF-8"?>
<!-- Generated by org.testng.reporters.JUnitXMLReporter -->
<testsuite ignored="0" hostname="DESKTOP-1GK70PM" failures="0" tests="5" name="Default test" time="39.194" errors="0" timestamp="2026-04-11T22:12:53 IST">
  <testcase classname="Tests.CartTest" name="emptyCart" time="7.393"/>
  <testcase classname="Tests.CartTest" name="addToCartFromPDP" time="18.633"/>
  <testcase classname="Tests.CartTest" name="priceUpdateVerification" time="2.085"/>
  <testcase classname="Tests.CartTest" name="freeBieProduct" time="0.061"/>
  <testcase classname="Tests.CartTest" name="checkout" time="5.217"/>
</testsuite> <!-- Default test -->
