<?xml version="1.0" encoding="UTF-8"?>
<!-- Generated by org.testng.reporters.JUnitXMLReporter -->
<testsuite ignored="0" hostname="DESKTOP-7TA04P9" failures="0" tests="54" name="Test" time="316.461" errors="0" timestamp="2026-04-30T13:10:43 IST">
  <testcase classname="Tests.LoginpageTest" name="loginPageNavigation" time="4.777"/>
  <testcase classname="Tests.LoginpageTest" name="createAccount" time="12.125"/>
  <testcase classname="Tests.LoginpageTest" name="login" time="15.711"/>
  <testcase classname="Tests.HomepageTest" name="logoVerification" time="1.612"/>
  <testcase classname="Tests.HomepageTest" name="announcementBarNavigation" time="3.374"/>
  <testcase classname="Tests.HomepageTest" name="megamenuNavigation" time="3.13"/>
  <testcase classname="Tests.HomepageTest" name="aboutUsPageNavigation" time="1.626"/>
  <testcase classname="Tests.HomepageTest" name="knowYourIngredientsPageNavigation" time="1.303"/>
  <testcase classname="Tests.HomepageTest" name="beautyArchivesPageNavigation" time="1.77"/>
  <testcase classname="Tests.HomepageTest" name="contactUsPageNavigation" time="1.619"/>
  <testcase classname="Tests.HomepageTest" name="verifyHeroBannerLinkNavigation" time="1.643"/>
  <testcase classname="Tests.HomepageTest" name="verifyCollectionTabsNavigation" time="15.124"/>
  <testcase classname="Tests.HomepageTest" name="verifyProductNavigationFromCollectionTab" time="5.75"/>
  <testcase classname="Tests.HomepageTest" name="verifyAddToCartFunctionality" time="11.547"/>
  <testcase classname="Tests.HomepageTest" name="verifyShopByConcernSection" time="12.648"/>
  <testcase classname="Tests.HomepageTest" name="verifyDiscoverBeautyBillSection" time="1.635"/>
  <testcase classname="Tests.HomepageTest" name="verifyInTheSpotlightSection" time="8.877"/>
  <testcase classname="Tests.HomepageTest" name="verifyWhatSetsUsApartSection" time="4.029"/>
  <testcase classname="Tests.HomepageTest" name="verifyReelsSection" time="0.446"/>
  <testcase classname="Tests.HomepageTest" name="verifyCustomerLoveSection" time="0.48"/>
  <testcase classname="Tests.HomepageTest" name="verifyDiscoverOurStorySection" time="2.334"/>
  <testcase classname="Tests.HomepageTest" name="verifyBeautyArchivesSection" time="4.402"/>
  <testcase classname="Tests.HomepageTest" name="verifyNewsletterSubscription" time="8.651"/>
  <testcase classname="Tests.HomepageTest" name="verifyFooterProductLinks" time="18.649"/>
  <testcase classname="Tests.HomepageTest" name="verifyFooterConcernLinks" time="19.518"/>
  <testcase classname="Tests.HomepageTest" name="verifyFooterQuickLinks" time="14.719"/>
  <testcase classname="Tests.HomepageTest" name="verifyFooterLegalLinks" time="14.743"/>
  <testcase classname="Tests.HomepageTest" name="verifyFooterSocialMediaLinks" time="7.839"/>
  <testcase classname="Tests.HomepageTest" name="verifyCautionNotice" time="0.369"/>
  <testcase classname="Tests.ProductlistingpageTest" name="hpToPlpNavigation" time="5.894"/>
  <testcase classname="Tests.ProductlistingpageTest" name="appliedFilters" time="7.981"/>
  <testcase classname="Tests.ProductlistingpageTest" name="filteredproducts" time="3.827"/>
  <testcase classname="Tests.ProductlistingpageTest" name="clearFilters" time="4.326"/>
  <testcase classname="Tests.ProductlistingpageTest" name="addToCartFromPLP" time="5.347"/>
  <testcase classname="Tests.ProductlistingpageTest" name="youMayAlsoLikeSection" time="0.784"/>
  <testcase classname="Tests.ProductlistingpageTest" name="beautyArchivesSection" time="0.355"/>
  <testcase classname="Tests.ProductlistingpageTest" name="viewAllRedirection" time="2.09"/>
  <testcase classname="Tests.ProductlistingpageTest" name="faqsSection" time="0.528"/>
  <testcase classname="Tests.ProductlistingpageTest" name="writeToUsRedirection" time="1.813"/>
  <testcase classname="Tests.ProductdetaislTest" name="hpToPdpNavigation" time="6.409"/>
  <testcase classname="Tests.ProductdetaislTest" name="pdpToPlpNavigation" time="5.726"/>
  <testcase classname="Tests.ProductdetaislTest" name="invalidPincodeCheck" time="1.803"/>
  <testcase classname="Tests.ProductdetaislTest" name="validPincodeCheck" time="1.246"/>
  <testcase classname="Tests.ProductdetaislTest" name="addToCartFromPDP" time="3.183"/>
  <testcase classname="Tests.ProductdetaislTest" name="quantityIncrease" time="4.587"/>
  <testcase classname="Tests.ProductdetaislTest" name="quantityDecrease" time="4.709"/>
  <testcase classname="Tests.ProductdetaislTest" name="reviewsSection" time="2.398"/>
  <testcase classname="Tests.ProductdetaislTest" name="detailsSection" time="2.411"/>
  <testcase classname="Tests.ProductdetaislTest" name="youMayAlsoLikeSectionPDP" time="2.419"/>
  <testcase classname="Tests.CartTest" name="emptyCart" time="4.862"/>
  <testcase classname="Tests.CartTest" name="addToCartFromPDP" time="13.903"/>
  <testcase classname="Tests.CartTest" name="priceUpdateVerification" time="2.068"/>
  <testcase classname="Tests.CartTest" name="freeBieProduct" time="0.065"/>
  <testcase classname="Tests.CartTest" name="checkout" time="4.136"/>
</testsuite> <!-- Test -->
