<?xml version="1.0" encoding="UTF-8"?>
<!-- Generated by org.testng.reporters.JUnitXMLReporter -->
<testsuite ignored="0" hostname="DESKTOP-7TA04P9" failures="0" tests="54" name="Test" time="325.126" errors="0" timestamp="2026-04-23T16:26:25 IST">
  <testcase classname="Tests.LoginpageTest" name="loginPageNavigation" time="4.688"/>
  <testcase classname="Tests.LoginpageTest" name="createAccount" time="14.16"/>
  <testcase classname="Tests.LoginpageTest" name="login" time="12.648"/>
  <testcase classname="Tests.HomepageTest" name="logoVerification" time="1.481"/>
  <testcase classname="Tests.HomepageTest" name="announcementBarNavigation" time="3.513"/>
  <testcase classname="Tests.HomepageTest" name="megamenuNavigation" time="3.54"/>
  <testcase classname="Tests.HomepageTest" name="aboutUsPageNavigation" time="2.518"/>
  <testcase classname="Tests.HomepageTest" name="knowYourIngredientsPageNavigation" time="1.362"/>
  <testcase classname="Tests.HomepageTest" name="beautyArchivesPageNavigation" time="1.648"/>
  <testcase classname="Tests.HomepageTest" name="contactUsPageNavigation" time="1.601"/>
  <testcase classname="Tests.HomepageTest" name="verifyHeroBannerLinkNavigation" time="1.683"/>
  <testcase classname="Tests.HomepageTest" name="verifyCollectionTabsNavigation" time="13.849"/>
  <testcase classname="Tests.HomepageTest" name="verifyProductNavigationFromCollectionTab" time="5.237"/>
  <testcase classname="Tests.HomepageTest" name="verifyAddToCartFunctionality" time="10.875"/>
  <testcase classname="Tests.HomepageTest" name="verifyShopByConcernSection" time="12.68"/>
  <testcase classname="Tests.HomepageTest" name="verifyDiscoverBeautyBillSection" time="1.712"/>
  <testcase classname="Tests.HomepageTest" name="verifyInTheSpotlightSection" time="7.884"/>
  <testcase classname="Tests.HomepageTest" name="verifyWhatSetsUsApartSection" time="3.948"/>
  <testcase classname="Tests.HomepageTest" name="verifyReelsSection" time="0.519"/>
  <testcase classname="Tests.HomepageTest" name="verifyCustomerLoveSection" time="0.412"/>
  <testcase classname="Tests.HomepageTest" name="verifyDiscoverOurStorySection" time="2.711"/>
  <testcase classname="Tests.HomepageTest" name="verifyBeautyArchivesSection" time="4.206"/>
  <testcase classname="Tests.HomepageTest" name="verifyNewsletterSubscription" time="10.17"/>
  <testcase classname="Tests.HomepageTest" name="verifyFooterProductLinks" time="20.594"/>
  <testcase classname="Tests.HomepageTest" name="verifyFooterConcernLinks" time="17.793"/>
  <testcase classname="Tests.HomepageTest" name="verifyFooterQuickLinks" time="13.312"/>
  <testcase classname="Tests.HomepageTest" name="verifyFooterLegalLinks" time="13.378"/>
  <testcase classname="Tests.HomepageTest" name="verifyFooterSocialMediaLinks" time="7.275"/>
  <testcase classname="Tests.HomepageTest" name="verifyCautionNotice" time="0.368"/>
  <testcase classname="Tests.ProductlistingpageTest" name="hpToPlpNavigation" time="5.532"/>
  <testcase classname="Tests.ProductlistingpageTest" name="appliedFilters" time="28.774"/>
  <testcase classname="Tests.ProductlistingpageTest" name="filteredproducts" time="3.573"/>
  <testcase classname="Tests.ProductlistingpageTest" name="clearFilters" time="4.667"/>
  <testcase classname="Tests.ProductlistingpageTest" name="addToCartFromPLP" time="5.179"/>
  <testcase classname="Tests.ProductlistingpageTest" name="youMayAlsoLikeSection" time="0.68"/>
  <testcase classname="Tests.ProductlistingpageTest" name="beautyArchivesSection" time="0.352"/>
  <testcase classname="Tests.ProductlistingpageTest" name="viewAllRedirection" time="1.876"/>
  <testcase classname="Tests.ProductlistingpageTest" name="faqsSection" time="0.508"/>
  <testcase classname="Tests.ProductlistingpageTest" name="writeToUsRedirection" time="1.71"/>
  <testcase classname="Tests.ProductdetaislTest" name="hpToPdpNavigation" time="6.578"/>
  <testcase classname="Tests.ProductdetaislTest" name="pdpToPlpNavigation" time="5.493"/>
  <testcase classname="Tests.ProductdetaislTest" name="invalidPincodeCheck" time="1.213"/>
  <testcase classname="Tests.ProductdetaislTest" name="validPincodeCheck" time="1.077"/>
  <testcase classname="Tests.ProductdetaislTest" name="addToCartFromPDP" time="2.895"/>
  <testcase classname="Tests.ProductdetaislTest" name="quantityIncrease" time="4.371"/>
  <testcase classname="Tests.ProductdetaislTest" name="quantityDecrease" time="4.497"/>
  <testcase classname="Tests.ProductdetaislTest" name="reviewsSection" time="2.354"/>
  <testcase classname="Tests.ProductdetaislTest" name="detailsSection" time="2.35"/>
  <testcase classname="Tests.ProductdetaislTest" name="youMayAlsoLikeSectionPDP" time="2.367"/>
  <testcase classname="Tests.CartTest" name="emptyCart" time="4.214"/>
  <testcase classname="Tests.CartTest" name="addToCartFromPDP" time="13.358"/>
  <testcase classname="Tests.CartTest" name="priceUpdateVerification" time="2.064"/>
  <testcase classname="Tests.CartTest" name="freeBieProduct" time="0.048"/>
  <testcase classname="Tests.CartTest" name="checkout" time="4.203"/>
</testsuite> <!-- Test -->
