<?xml version="1.0" encoding="UTF-8"?>
<!-- Generated by org.testng.reporters.JUnitReportReporter -->
<testsuite hostname="DESKTOP-7TA04P9" failures="0" tests="26" name="Tests.HomepageTest" time="167.837" errors="0" timestamp="2026-04-30T13:10:43 IST" skipped="0">
  <testcase classname="Tests.HomepageTest" name="logoVerification" time="1.612"/>
  <testcase classname="Tests.HomepageTest" name="announcementBarNavigation" time="3.374"/>
  <testcase classname="Tests.HomepageTest" name="megamenuNavigation" time="3.130"/>
  <testcase classname="Tests.HomepageTest" name="aboutUsPageNavigation" time="1.626"/>
  <testcase classname="Tests.HomepageTest" name="knowYourIngredientsPageNavigation" time="1.303"/>
  <testcase classname="Tests.HomepageTest" name="beautyArchivesPageNavigation" time="1.770"/>
  <testcase classname="Tests.HomepageTest" name="contactUsPageNavigation" time="1.619"/>
  <testcase classname="Tests.HomepageTest" name="verifyHeroBannerLinkNavigation" time="1.643"/>
  <testcase classname="Tests.HomepageTest" name="verifyCollectionTabsNavigation" time="15.124"/>
  <testcase classname="Tests.HomepageTest" name="verifyProductNavigationFromCollectionTab" time="5.750"/>
  <testcase classname="Tests.HomepageTest" name="verifyAddToCartFunctionality" time="11.547"/>
  <testcase classname="Tests.HomepageTest" name="verifyShopByConcernSection" time="12.648"/>
  <testcase classname="Tests.HomepageTest" name="verifyDiscoverBeautyBillSection" time="1.635"/>
  <testcase classname="Tests.HomepageTest" name="verifyInTheSpotlightSection" time="8.877"/>
  <testcase classname="Tests.HomepageTest" name="verifyWhatSetsUsApartSection" time="4.029"/>
  <testcase classname="Tests.HomepageTest" name="verifyReelsSection" time="0.446"/>
  <testcase classname="Tests.HomepageTest" name="verifyCustomerLoveSection" time="0.480"/>
  <testcase classname="Tests.HomepageTest" name="verifyDiscoverOurStorySection" time="2.334"/>
  <testcase classname="Tests.HomepageTest" name="verifyBeautyArchivesSection" time="4.402"/>
  <testcase classname="Tests.HomepageTest" name="verifyNewsletterSubscription" time="8.651"/>
  <testcase classname="Tests.HomepageTest" name="verifyFooterProductLinks" time="18.649"/>
  <testcase classname="Tests.HomepageTest" name="verifyFooterConcernLinks" time="19.518"/>
  <testcase classname="Tests.HomepageTest" name="verifyFooterQuickLinks" time="14.719"/>
  <testcase classname="Tests.HomepageTest" name="verifyFooterLegalLinks" time="14.743"/>
  <testcase classname="Tests.HomepageTest" name="verifyFooterSocialMediaLinks" time="7.839"/>
  <testcase classname="Tests.HomepageTest" name="verifyCautionNotice" time="0.369"/>
</testsuite> <!-- Tests.HomepageTest -->
