<?xml version="1.0" encoding="UTF-8"?>
<!-- Generated by org.testng.reporters.JUnitReportReporter -->
<testsuite hostname="DESKTOP-1GK70PM" failures="0" tests="10" name="Tests.ProductdetaislTest" time="39.090" errors="0" timestamp="2026-04-11T22:20:44 IST" skipped="0">
  <testcase classname="Tests.ProductdetaislTest" name="hpToPdpNavigation" time="8.130"/>
  <testcase classname="Tests.ProductdetaislTest" name="pdpToPlpNavigation" time="8.403"/>
  <testcase classname="Tests.ProductdetaislTest" name="invalidPincodeCheck" time="2.010"/>
  <testcase classname="Tests.ProductdetaislTest" name="validPincodeCheck" time="1.288"/>
  <testcase classname="Tests.ProductdetaislTest" name="addToCartFromPDP" time="2.688"/>
  <testcase classname="Tests.ProductdetaislTest" name="quantityIncrease" time="4.941"/>
  <testcase classname="Tests.ProductdetaislTest" name="quantityDecrease" time="4.565"/>
  <testcase classname="Tests.ProductdetaislTest" name="reviewsSection" time="2.343"/>
  <testcase classname="Tests.ProductdetaislTest" name="detailsSection" time="2.361"/>
  <testcase classname="Tests.ProductdetaislTest" name="youMayAlsoLikeSectionPDP" time="2.361"/>
</testsuite> <!-- Tests.ProductdetaislTest -->
