<?xml version="1.0" encoding="UTF-8"?>
<!-- Generated by org.testng.reporters.JUnitReportReporter -->
<testsuite hostname="DESKTOP-7TA04P9" failures="0" tests="10" name="Tests.ProductlistingpageTest" time="52.851" errors="0" timestamp="2026-04-23T16:26:25 IST" skipped="0">
  <testcase classname="Tests.ProductlistingpageTest" name="hpToPlpNavigation" time="5.532"/>
  <testcase classname="Tests.ProductlistingpageTest" name="appliedFilters" time="28.774"/>
  <testcase classname="Tests.ProductlistingpageTest" name="filteredproducts" time="3.573"/>
  <testcase classname="Tests.ProductlistingpageTest" name="clearFilters" time="4.667"/>
  <testcase classname="Tests.ProductlistingpageTest" name="addToCartFromPLP" time="5.179"/>
  <testcase classname="Tests.ProductlistingpageTest" name="youMayAlsoLikeSection" time="0.680"/>
  <testcase classname="Tests.ProductlistingpageTest" name="beautyArchivesSection" time="0.352"/>
  <testcase classname="Tests.ProductlistingpageTest" name="viewAllRedirection" time="1.876"/>
  <testcase classname="Tests.ProductlistingpageTest" name="faqsSection" time="0.508"/>
  <testcase classname="Tests.ProductlistingpageTest" name="writeToUsRedirection" time="1.710"/>
</testsuite> <!-- Tests.ProductlistingpageTest -->
