<?xml version="1.0" encoding="UTF-8"?>
<!-- Generated by org.testng.reporters.JUnitReportReporter -->
<testsuite hostname="DESKTOP-7TA04P9" failures="0" tests="5" name="Tests.CartTest" time="23.887" errors="0" timestamp="2026-04-23T16:26:25 IST" skipped="0">
  <testcase classname="Tests.CartTest" name="emptyCart" time="4.214"/>
  <testcase classname="Tests.CartTest" name="addToCartFromPDP" time="13.358"/>
  <testcase classname="Tests.CartTest" name="priceUpdateVerification" time="2.064"/>
  <testcase classname="Tests.CartTest" name="freeBieProduct" time="0.048"/>
  <testcase classname="Tests.CartTest" name="checkout" time="4.203"/>
</testsuite> <!-- Tests.CartTest -->
