<?xml version="1.0" encoding="UTF-8"?>
<!-- Generated by org.testng.reporters.JUnitReportReporter -->
<testsuite hostname="DESKTOP-7TA04P9" failures="0" tests="10" name="Tests.ProductdetaislTest" time="33.195" errors="0" timestamp="2026-04-23T16:26:25 IST" skipped="0">
  <testcase classname="Tests.ProductdetaislTest" name="hpToPdpNavigation" time="6.578"/>
  <testcase classname="Tests.ProductdetaislTest" name="pdpToPlpNavigation" time="5.493"/>
  <testcase classname="Tests.ProductdetaislTest" name="invalidPincodeCheck" time="1.213"/>
  <testcase classname="Tests.ProductdetaislTest" name="validPincodeCheck" time="1.077"/>
  <testcase classname="Tests.ProductdetaislTest" name="addToCartFromPDP" time="2.895"/>
  <testcase classname="Tests.ProductdetaislTest" name="quantityIncrease" time="4.371"/>
  <testcase classname="Tests.ProductdetaislTest" name="quantityDecrease" time="4.497"/>
  <testcase classname="Tests.ProductdetaislTest" name="reviewsSection" time="2.354"/>
  <testcase classname="Tests.ProductdetaislTest" name="detailsSection" time="2.350"/>
  <testcase classname="Tests.ProductdetaislTest" name="youMayAlsoLikeSectionPDP" time="2.367"/>
</testsuite> <!-- Tests.ProductdetaislTest -->
