<?xml version="1.0" encoding="UTF-8"?>
<!-- Generated by org.testng.reporters.JUnitReportReporter -->
<testsuite hostname="DESKTOP-7TA04P9" failures="0" tests="3" name="Tests.LoginpageTest" time="31.496" errors="0" timestamp="2026-04-23T16:26:25 IST" skipped="0">
  <testcase classname="Tests.LoginpageTest" name="loginPageNavigation" time="4.688"/>
  <testcase classname="Tests.LoginpageTest" name="createAccount" time="14.160"/>
  <testcase classname="Tests.LoginpageTest" name="login" time="12.648"/>
</testsuite> <!-- Tests.LoginpageTest -->
