<?xml version="1.0" encoding="UTF-8"?>
<!-- Generated by org.testng.reporters.JUnitReportReporter -->
<testsuite hostname="DESKTOP-7TA04P9" failures="0" tests="5" name="Tests.CartTest" time="25.034" errors="0" timestamp="2026-04-30T13:10:43 IST" skipped="0">
  <testcase classname="Tests.CartTest" name="emptyCart" time="4.862"/>
  <testcase classname="Tests.CartTest" name="addToCartFromPDP" time="13.903"/>
  <testcase classname="Tests.CartTest" name="priceUpdateVerification" time="2.068"/>
  <testcase classname="Tests.CartTest" name="freeBieProduct" time="0.065"/>
  <testcase classname="Tests.CartTest" name="checkout" time="4.136"/>
</testsuite> <!-- Tests.CartTest -->
