<?xml version="1.0" encoding="UTF-8"?>
<!-- Generated by org.testng.reporters.JUnitReportReporter -->
<testsuite hostname="DESKTOP-7TA04P9" failures="0" tests="3" name="Tests.LoginpageTest" time="32.613" errors="0" timestamp="2026-04-30T13:10:43 IST" skipped="0">
  <testcase classname="Tests.LoginpageTest" name="loginPageNavigation" time="4.777"/>
  <testcase classname="Tests.LoginpageTest" name="createAccount" time="12.125"/>
  <testcase classname="Tests.LoginpageTest" name="login" time="15.711"/>
</testsuite> <!-- Tests.LoginpageTest -->
