<?xml version="1.0" encoding="UTF-8"?>
<!-- Generated by org.testng.reporters.JUnitReportReporter -->
<testsuite hostname="DESKTOP-7TA04P9" failures="0" tests="10" name="Tests.ProductlistingpageTest" time="32.945" errors="0" timestamp="2026-04-30T13:10:43 IST" skipped="0">
  <testcase classname="Tests.ProductlistingpageTest" name="hpToPlpNavigation" time="5.894"/>
  <testcase classname="Tests.ProductlistingpageTest" name="appliedFilters" time="7.981"/>
  <testcase classname="Tests.ProductlistingpageTest" name="filteredproducts" time="3.827"/>
  <testcase classname="Tests.ProductlistingpageTest" name="clearFilters" time="4.326"/>
  <testcase classname="Tests.ProductlistingpageTest" name="addToCartFromPLP" time="5.347"/>
  <testcase classname="Tests.ProductlistingpageTest" name="youMayAlsoLikeSection" time="0.784"/>
  <testcase classname="Tests.ProductlistingpageTest" name="beautyArchivesSection" time="0.355"/>
  <testcase classname="Tests.ProductlistingpageTest" name="viewAllRedirection" time="2.090"/>
  <testcase classname="Tests.ProductlistingpageTest" name="faqsSection" time="0.528"/>
  <testcase classname="Tests.ProductlistingpageTest" name="writeToUsRedirection" time="1.813"/>
</testsuite> <!-- Tests.ProductlistingpageTest -->
