<?xml version="1.0" encoding="UTF-8"?>
<!-- Generated by org.testng.reporters.JUnitReportReporter -->
<testsuite hostname="DESKTOP-7TA04P9" failures="0" tests="26" name="Tests.HomepageTest" time="164.269" errors="0" timestamp="2026-04-23T16:26:25 IST" skipped="0">
  <testcase classname="Tests.HomepageTest" name="logoVerification" time="1.481"/>
  <testcase classname="Tests.HomepageTest" name="announcementBarNavigation" time="3.513"/>
  <testcase classname="Tests.HomepageTest" name="megamenuNavigation" time="3.540"/>
  <testcase classname="Tests.HomepageTest" name="aboutUsPageNavigation" time="2.518"/>
  <testcase classname="Tests.HomepageTest" name="knowYourIngredientsPageNavigation" time="1.362"/>
  <testcase classname="Tests.HomepageTest" name="beautyArchivesPageNavigation" time="1.648"/>
  <testcase classname="Tests.HomepageTest" name="contactUsPageNavigation" time="1.601"/>
  <testcase classname="Tests.HomepageTest" name="verifyHeroBannerLinkNavigation" time="1.683"/>
  <testcase classname="Tests.HomepageTest" name="verifyCollectionTabsNavigation" time="13.849"/>
  <testcase classname="Tests.HomepageTest" name="verifyProductNavigationFromCollectionTab" time="5.237"/>
  <testcase classname="Tests.HomepageTest" name="verifyAddToCartFunctionality" time="10.875"/>
  <testcase classname="Tests.HomepageTest" name="verifyShopByConcernSection" time="12.680"/>
  <testcase classname="Tests.HomepageTest" name="verifyDiscoverBeautyBillSection" time="1.712"/>
  <testcase classname="Tests.HomepageTest" name="verifyInTheSpotlightSection" time="7.884"/>
  <testcase classname="Tests.HomepageTest" name="verifyWhatSetsUsApartSection" time="3.948"/>
  <testcase classname="Tests.HomepageTest" name="verifyReelsSection" time="0.519"/>
  <testcase classname="Tests.HomepageTest" name="verifyCustomerLoveSection" time="0.412"/>
  <testcase classname="Tests.HomepageTest" name="verifyDiscoverOurStorySection" time="2.711"/>
  <testcase classname="Tests.HomepageTest" name="verifyBeautyArchivesSection" time="4.206"/>
  <testcase classname="Tests.HomepageTest" name="verifyNewsletterSubscription" time="10.170"/>
  <testcase classname="Tests.HomepageTest" name="verifyFooterProductLinks" time="20.594"/>
  <testcase classname="Tests.HomepageTest" name="verifyFooterConcernLinks" time="17.793"/>
  <testcase classname="Tests.HomepageTest" name="verifyFooterQuickLinks" time="13.312"/>
  <testcase classname="Tests.HomepageTest" name="verifyFooterLegalLinks" time="13.378"/>
  <testcase classname="Tests.HomepageTest" name="verifyFooterSocialMediaLinks" time="7.275"/>
  <testcase classname="Tests.HomepageTest" name="verifyCautionNotice" time="0.368"/>
</testsuite> <!-- Tests.HomepageTest -->
